Determining if the pthread_create exist failed with the following output:
Change Dir: /home/sysu/cmd_ws/src/cmd-slam/cmd_backend/out/build/使用工具链文件配置预设/CMakeFiles/CMakeTmp

Run Build Command:"/usr/bin/ninja" "cmTC_9517d"
[1/2] Building C object CMakeFiles/cmTC_9517d.dir/CheckSymbolExists.c.o
[2/2] Linking C executable cmTC_9517d
FAILED: cmTC_9517d 
: && /usr/bin/cc -march=native  -rdynamic CMakeFiles/cmTC_9517d.dir/CheckSymbolExists.c.o  -o cmTC_9517d   && :
/usr/bin/ld: CMakeFiles/cmTC_9517d.dir/CheckSymbolExists.c.o: in function `main':
CheckSymbolExists.c:(.text+0x1b): undefined reference to `pthread_create'
collect2: error: ld returned 1 exit status
ninja: build stopped: subcommand failed.

File /home/sysu/cmd_ws/src/cmd-slam/cmd_backend/out/build/使用工具链文件配置预设/CMakeFiles/CMakeTmp/CheckSymbolExists.c:
/* */
#include <pthread.h>

int main(int argc, char** argv)
{
  (void)argv;
#ifndef pthread_create
  return ((int*)(&pthread_create))[argc];
#else
  (void)argc;
  return 0;
#endif
}

Determining if the function pthread_create exists in the pthreads failed with the following output:
Change Dir: /home/sysu/cmd_ws/src/cmd-slam/cmd_backend/out/build/使用工具链文件配置预设/CMakeFiles/CMakeTmp

Run Build Command:"/usr/bin/ninja" "cmTC_0ae4b"
[1/2] Building C object CMakeFiles/cmTC_0ae4b.dir/CheckFunctionExists.c.o
[2/2] Linking C executable cmTC_0ae4b
FAILED: cmTC_0ae4b 
: && /usr/bin/cc -march=native -DCHECK_FUNCTION_EXISTS=pthread_create  -rdynamic CMakeFiles/cmTC_0ae4b.dir/CheckFunctionExists.c.o  -o cmTC_0ae4b  -lpthreads && :
/usr/bin/ld: cannot find -lpthreads
collect2: error: ld returned 1 exit status
ninja: build stopped: subcommand failed.


